2024-12-21 16:43:29,302 - INFO: Processing file: incentive_dump_Final.csv
2024-12-21 16:43:29,505 - INFO: Successfully connected to MySQL database
2024-12-21 16:43:29,527 - INFO: CSV Columns: ['Unnamed: 0', 'so_id', 'sale_order', 'sale_order_untax', 'sale_order_amount_tax', 'sale_order_amount_total', 'sale_order_margin', 'sale_order_date', 'p_id', 'name', 'state', 'payment_reference', 'payment_state', 'invoice_partner_display_name', 'invoice_origin', 'invoice_date', 'date', 'payment_untax', 'payment_amount_tax', 'payment_total', 'create_date', 'einvoice_status', 'salesperson1', 'salesperson2', 'salesperson1_name', 'salesperson2_name', 'cost', 'final_amount', 'source']
2024-12-21 16:43:29,536 - INFO: Loaded 861 records from incentive_dump_Final.csv
2024-12-21 16:43:29,621 - INFO: Inserting batch 1 with 861 records
2024-12-21 16:43:34,423 - INFO: Database connection closed
2024-12-21 16:44:12,971 - INFO: Processing file: incentive_dump_Final.csv
2024-12-21 16:44:22,305 - INFO: Successfully connected to MySQL database
2024-12-21 16:44:22,319 - INFO: CSV Columns: ['Unnamed: 0', 'so_id', 'sale_order', 'sale_order_untax', 'sale_order_amount_tax', 'sale_order_amount_total', 'sale_order_margin', 'sale_order_date', 'p_id', 'name', 'state', 'payment_reference', 'payment_state', 'invoice_partner_display_name', 'invoice_origin', 'invoice_date', 'date', 'payment_untax', 'payment_amount_tax', 'payment_total', 'create_date', 'einvoice_status', 'salesperson1', 'salesperson2', 'salesperson1_name', 'salesperson2_name', 'cost', 'final_amount', 'source']
2024-12-21 16:44:22,325 - INFO: Loaded 861 records from incentive_dump_Final.csv
2024-12-21 16:44:22,401 - INFO: Inserting batch 1 with 861 records
2024-12-21 16:44:52,858 - INFO: Completed batch 1
2024-12-21 16:44:52,947 - INFO: Successfully inserted total 861 records into Insentive_given_saleorder table
2024-12-21 16:44:52,947 - INFO: Database connection closed
2024-12-30 12:17:24,823 - INFO: Processing file: incentive_dump_Final.csv
2024-12-30 12:17:25,880 - INFO: Successfully connected to MySQL database
2024-12-30 12:17:25,898 - INFO: CSV Columns: ['Unnamed: 0', 'so_id', 'sale_order', 'sale_order_untax', 'sale_order_amount_tax', 'sale_order_amount_total', 'sale_order_margin', 'sale_order_date', 'p_id', 'name', 'state', 'payment_reference', 'payment_state', 'invoice_partner_display_name', 'invoice_origin', 'invoice_date', 'date', 'payment_untax', 'payment_amount_tax', 'payment_total', 'create_date', 'einvoice_status', 'salesperson1', 'salesperson2', 'salesperson1_name', 'salesperson2_name', 'cost', 'final_amount', 'source']
2024-12-30 12:17:25,903 - INFO: Loaded 830 records from incentive_dump_Final.csv
2024-12-30 12:17:26,134 - INFO: Inserting batch 1 with 830 records
2024-12-30 12:17:37,478 - INFO: Completed batch 1
2024-12-30 12:17:37,505 - INFO: Successfully inserted total 830 records into Insentive_given_saleorder table
2024-12-30 12:17:37,506 - INFO: Database connection closed
2025-01-06 11:17:33,019 - INFO: Processing file: incentive_dump_Final.csv
2025-01-06 11:17:33,112 - INFO: Successfully connected to MySQL database
2025-01-06 11:17:33,129 - INFO: CSV Columns: ['Unnamed: 0', 'so_id', 'sale_order', 'sale_order_untax', 'sale_order_amount_tax', 'sale_order_amount_total', 'sale_order_margin', 'sale_order_date', 'p_id', 'name', 'state', 'payment_reference', 'payment_state', 'invoice_partner_display_name', 'invoice_origin', 'invoice_date', 'date', 'payment_untax', 'payment_amount_tax', 'payment_total', 'create_date', 'einvoice_status', 'salesperson1', 'salesperson2', 'salesperson1_name', 'salesperson2_name', 'cost', 'final_amount', 'source']
2025-01-06 11:17:33,136 - INFO: Loaded 708 records from incentive_dump_Final.csv
2025-01-06 11:17:33,211 - INFO: Inserting batch 1 with 708 records
2025-01-06 11:17:39,568 - INFO: Completed batch 1
2025-01-06 11:17:39,592 - INFO: Successfully inserted total 708 records into Insentive_given_saleorder table
2025-01-06 11:17:39,594 - INFO: Database connection closed
2025-01-11 16:36:14,619 - INFO: Processing file: incentive_dump_Final.csv
2025-01-11 16:36:14,686 - INFO: Successfully connected to MySQL database
2025-01-11 16:36:14,708 - INFO: CSV Columns: ['Unnamed: 0', 'so_id', 'sale_order', 'sale_order_untax', 'sale_order_amount_tax', 'sale_order_amount_total', 'sale_order_margin', 'sale_order_date', 'p_id', 'name', 'state', 'payment_reference', 'payment_state', 'invoice_partner_display_name', 'invoice_origin', 'invoice_date', 'date', 'payment_untax', 'payment_amount_tax', 'payment_total', 'create_date', 'einvoice_status', 'salesperson1', 'salesperson2', 'salesperson1_name', 'salesperson2_name', 'cost', 'final_amount', 'source']
2025-01-11 16:36:14,719 - INFO: Loaded 826 records from incentive_dump_Final.csv
2025-01-11 16:36:14,751 - INFO: Inserting batch 1 with 826 records
2025-01-11 16:36:19,040 - INFO: Database connection closed
2025-01-11 16:36:48,030 - INFO: Processing file: incentive_dump_Final.csv
2025-01-11 16:36:48,113 - INFO: Successfully connected to MySQL database
2025-01-11 16:36:48,127 - INFO: CSV Columns: ['Unnamed: 0', 'so_id', 'sale_order', 'sale_order_untax', 'sale_order_amount_tax', 'sale_order_amount_total', 'sale_order_margin', 'sale_order_date', 'p_id', 'name', 'state', 'payment_reference', 'payment_state', 'invoice_partner_display_name', 'invoice_origin', 'invoice_date', 'date', 'payment_untax', 'payment_amount_tax', 'payment_total', 'create_date', 'einvoice_status', 'salesperson1', 'salesperson2', 'salesperson1_name', 'salesperson2_name', 'cost', 'final_amount', 'source']
2025-01-11 16:36:48,132 - INFO: Loaded 826 records from incentive_dump_Final.csv
2025-01-11 16:36:48,161 - INFO: Inserting batch 1 with 826 records
2025-01-11 16:36:53,866 - INFO: Completed batch 1
2025-01-11 16:36:53,896 - INFO: Successfully inserted total 826 records into Insentive_given_saleorder table
2025-01-11 16:36:53,897 - INFO: Database connection closed
2025-01-18 16:17:02,660 - INFO: Processing file: incentive_dump_Final.csv
2025-01-18 16:17:02,742 - INFO: Successfully connected to MySQL database
2025-01-18 16:17:02,755 - INFO: CSV Columns: ['Unnamed: 0', 'so_id', 'sale_order', 'sale_order_untax', 'sale_order_amount_tax', 'sale_order_amount_total', 'sale_order_margin', 'sale_order_date', 'p_id', 'name', 'state', 'payment_reference', 'payment_state', 'invoice_partner_display_name', 'invoice_origin', 'invoice_date', 'date', 'payment_untax', 'payment_amount_tax', 'payment_total', 'create_date', 'einvoice_status', 'salesperson1', 'salesperson2', 'salesperson1_name', 'salesperson2_name', 'cost', 'final_amount', 'source']
2025-01-18 16:17:02,767 - INFO: Loaded 420 records from incentive_dump_Final.csv
2025-01-18 16:17:02,799 - INFO: Inserting batch 1 with 420 records
2025-01-18 16:17:05,783 - INFO: Completed batch 1
2025-01-18 16:17:05,802 - INFO: Successfully inserted total 420 records into Insentive_given_saleorder table
2025-01-18 16:17:05,803 - INFO: Database connection closed
2025-01-25 16:56:05,145 - INFO: Processing file: incentive_dump_Final.csv
2025-01-25 16:56:05,210 - INFO: Successfully connected to MySQL database
2025-01-25 16:56:05,228 - INFO: CSV Columns: ['Unnamed: 0', 'so_id', 'sale_order', 'sale_order_untax', 'sale_order_amount_tax', 'sale_order_amount_total', 'sale_order_margin', 'sale_order_date', 'p_id', 'name', 'state', 'payment_reference', 'payment_state', 'invoice_partner_display_name', 'invoice_origin', 'invoice_date', 'date', 'payment_untax', 'payment_amount_tax', 'payment_total', 'create_date', 'einvoice_status', 'salesperson1', 'salesperson2', 'salesperson1_name', 'salesperson2_name', 'cost', 'final_amount', 'source']
2025-01-25 16:56:05,239 - INFO: Loaded 749 records from incentive_dump_Final.csv
2025-01-25 16:56:05,286 - INFO: Inserting batch 1 with 749 records
2025-01-25 16:56:09,803 - INFO: Completed batch 1
2025-01-25 16:56:09,828 - INFO: Successfully inserted total 749 records into Insentive_given_saleorder table
2025-01-25 16:56:09,829 - INFO: Database connection closed
2025-02-01 16:17:26,301 - INFO: Processing file: incentive_dump_Final.csv
2025-02-01 16:17:26,482 - INFO: Successfully connected to MySQL database
2025-02-01 16:17:26,500 - INFO: CSV Columns: ['Unnamed: 0', 'so_id', 'sale_order', 'sale_order_untax', 'sale_order_amount_tax', 'sale_order_amount_total', 'sale_order_margin', 'sale_order_date', 'p_id', 'name', 'state', 'payment_reference', 'payment_state', 'invoice_partner_display_name', 'invoice_origin', 'invoice_date', 'date', 'payment_untax', 'payment_amount_tax', 'payment_total', 'create_date', 'einvoice_status', 'salesperson1', 'salesperson2', 'salesperson1_name', 'salesperson2_name', 'cost', 'final_amount', 'source']
2025-02-01 16:17:26,512 - INFO: Loaded 746 records from incentive_dump_Final.csv
2025-02-01 16:17:26,572 - INFO: Inserting batch 1 with 746 records
2025-02-01 16:17:48,979 - INFO: Completed batch 1
2025-02-01 16:17:49,035 - INFO: Successfully inserted total 746 records into Insentive_given_saleorder table
2025-02-01 16:17:49,035 - INFO: Database connection closed
2025-02-08 16:37:00,237 - INFO: Processing file: incentive_dump_Final.csv
2025-02-08 16:37:00,386 - INFO: Successfully connected to MySQL database
2025-02-08 16:37:00,398 - INFO: CSV Columns: ['Unnamed: 0', 'so_id', 'sale_order', 'sale_order_untax', 'sale_order_amount_tax', 'sale_order_amount_total', 'sale_order_margin', 'sale_order_date', 'pre_salesman_user_id', 'p_id', 'name', 'state', 'payment_reference', 'payment_state', 'invoice_partner_display_name', 'invoice_origin', 'invoice_date', 'date', 'payment_untax', 'payment_amount_tax', 'payment_total', 'create_date', 'einvoice_status', 'salesperson1', 'salesperson2', 'salesperson1_name', 'salesperson2_name', 'presalesperson_name', 'cost', 'final_amount', 'source']
2025-02-08 16:37:00,402 - INFO: Loaded 642 records from incentive_dump_Final.csv
2025-02-08 16:37:00,462 - INFO: Inserting batch 1 with 642 records
2025-02-08 16:37:17,993 - INFO: Completed batch 1
2025-02-08 16:37:18,050 - INFO: Successfully inserted total 642 records into Insentive_given_saleorder table
2025-02-08 16:37:18,051 - INFO: Database connection closed
2025-02-08 17:20:17,580 - INFO: Processing file: incentive_dump_Final.csv
2025-02-08 17:20:17,728 - INFO: Successfully connected to MySQL database
2025-02-08 17:20:17,747 - INFO: CSV Columns: ['Unnamed: 0', 'so_id', 'sale_order', 'sale_order_untax', 'sale_order_amount_tax', 'sale_order_amount_total', 'sale_order_margin', 'sale_order_date', 'pre_salesman_user_id', 'p_id', 'name', 'state', 'payment_reference', 'payment_state', 'invoice_partner_display_name', 'invoice_origin', 'invoice_date', 'date', 'payment_untax', 'payment_amount_tax', 'payment_total', 'create_date', 'einvoice_status', 'salesperson1', 'salesperson2', 'salesperson1_name', 'salesperson2_name', 'presalesperson_name', 'cost', 'final_amount', 'source']
2025-02-08 17:20:17,747 - INFO: Loaded 1 records from incentive_dump_Final.csv
2025-02-08 17:20:17,810 - INFO: Inserting batch 1 with 1 records
2025-02-08 17:20:17,922 - INFO: Completed batch 1
2025-02-08 17:20:17,978 - INFO: Successfully inserted total 1 records into Insentive_given_saleorder table
2025-02-08 17:20:17,978 - INFO: Database connection closed
2025-02-15 16:46:03,940 - INFO: Processing file: incentive_dump_Final.csv
2025-02-15 16:46:04,056 - INFO: Successfully connected to MySQL database
2025-02-15 16:46:04,074 - INFO: CSV Columns: ['Unnamed: 0', 'so_id', 'sale_order', 'sale_order_untax', 'sale_order_amount_tax', 'sale_order_amount_total', 'sale_order_margin', 'sale_order_date', 'pre_salesman_user_id', 'p_id', 'name', 'state', 'payment_reference', 'payment_state', 'invoice_partner_display_name', 'invoice_origin', 'invoice_date', 'date', 'payment_untax', 'payment_amount_tax', 'payment_total', 'create_date', 'einvoice_status', 'salesperson1', 'salesperson2', 'salesperson1_name', 'salesperson2_name', 'presalesperson_name', 'cost', 'final_amount', 'source']
2025-02-15 16:46:04,082 - INFO: Loaded 653 records from incentive_dump_Final.csv
2025-02-15 16:46:04,125 - INFO: Inserting batch 1 with 653 records
2025-02-15 16:46:15,257 - INFO: Completed batch 1
2025-02-15 16:46:15,305 - INFO: Successfully inserted total 653 records into Insentive_given_saleorder table
2025-02-15 16:46:15,305 - INFO: Database connection closed
2025-02-22 17:14:50,560 - INFO: Processing file: incentive_dump_Final.csv
2025-02-22 17:14:50,841 - INFO: Successfully connected to MySQL database
2025-02-22 17:14:50,862 - INFO: CSV Columns: ['Unnamed: 0', 'so_id', 'sale_order', 'sale_order_untax', 'sale_order_amount_tax', 'sale_order_amount_total', 'sale_order_margin', 'sale_order_date', 'pre_salesman_user_id', 'p_id', 'name', 'state', 'payment_reference', 'payment_state', 'invoice_partner_display_name', 'invoice_origin', 'invoice_date', 'date', 'payment_untax', 'payment_amount_tax', 'payment_total', 'create_date', 'einvoice_status', 'salesperson1', 'salesperson2', 'salesperson1_name', 'salesperson2_name', 'presalesperson_name', 'cost', 'final_amount', 'source']
2025-02-22 17:14:50,870 - INFO: Loaded 780 records from incentive_dump_Final.csv
2025-02-22 17:14:50,947 - INFO: Inserting batch 1 with 780 records
2025-02-22 17:15:19,910 - INFO: Completed batch 1
2025-02-22 17:15:20,019 - INFO: Successfully inserted total 780 records into Insentive_given_saleorder table
2025-02-22 17:15:20,019 - INFO: Database connection closed
2025-03-01 16:28:24,052 - INFO: Processing file: incentive_dump_Final.csv
2025-03-01 16:28:24,223 - INFO: Successfully connected to MySQL database
2025-03-01 16:28:24,243 - INFO: CSV Columns: ['Unnamed: 0', 'so_id', 'sale_order', 'sale_order_untax', 'sale_order_amount_tax', 'sale_order_amount_total', 'sale_order_margin', 'sale_order_date', 'pre_salesman_user_id', 'p_id', 'name', 'state', 'payment_reference', 'payment_state', 'invoice_partner_display_name', 'invoice_origin', 'invoice_date', 'date', 'payment_untax', 'payment_amount_tax', 'payment_total', 'create_date', 'einvoice_status', 'salesperson1', 'salesperson2', 'salesperson1_name', 'salesperson2_name', 'presalesperson_name', 'cost', 'final_amount', 'source']
2025-03-01 16:28:24,246 - INFO: Loaded 804 records from incentive_dump_Final.csv
2025-03-01 16:28:24,307 - INFO: Inserting batch 1 with 804 records
2025-03-01 16:28:53,433 - INFO: Completed batch 1
2025-03-01 16:28:53,483 - INFO: Successfully inserted total 804 records into Insentive_given_saleorder table
2025-03-01 16:28:53,497 - INFO: Database connection closed
2025-03-15 16:27:53,136 - INFO: Processing file: incentive_dump_Final.csv
2025-03-15 16:27:53,366 - INFO: Successfully connected to MySQL database
2025-03-15 16:27:53,387 - INFO: CSV Columns: ['Unnamed: 0', 'so_id', 'sale_order', 'sale_order_untax', 'sale_order_amount_tax', 'sale_order_amount_total', 'sale_order_margin', 'sale_order_date', 'pre_salesman_user_id', 'p_id', 'name', 'state', 'payment_reference', 'payment_state', 'invoice_partner_display_name', 'invoice_origin', 'invoice_date', 'date', 'payment_untax', 'payment_amount_tax', 'payment_total', 'create_date', 'einvoice_status', 'salesperson1', 'salesperson2', 'salesperson1_name', 'salesperson2_name', 'presalesperson_name', 'cost', 'final_amount', 'source']
2025-03-15 16:27:53,394 - INFO: Loaded 602 records from incentive_dump_Final.csv
2025-03-15 16:27:53,476 - INFO: Inserting batch 1 with 602 records
2025-03-15 16:28:16,449 - INFO: Completed batch 1
2025-03-15 16:28:16,528 - INFO: Successfully inserted total 602 records into Insentive_given_saleorder table
2025-03-15 16:28:16,528 - INFO: Database connection closed
2025-03-22 16:40:16,546 - INFO: Processing file: incentive_dump_Final.csv
2025-03-22 16:40:16,597 - INFO: Successfully connected to MySQL database
2025-03-22 16:40:16,615 - INFO: CSV Columns: ['Unnamed: 0', 'so_id', 'sale_order', 'sale_order_untax', 'sale_order_amount_tax', 'sale_order_amount_total', 'sale_order_margin', 'sale_order_date', 'pre_salesman_user_id', 'p_id', 'name', 'state', 'payment_reference', 'payment_state', 'invoice_partner_display_name', 'invoice_origin', 'invoice_date', 'date', 'payment_untax', 'payment_amount_tax', 'payment_total', 'create_date', 'einvoice_status', 'salesperson1', 'salesperson2', 'salesperson1_name', 'salesperson2_name', 'presalesperson_name', 'cost', 'final_amount', 'source']
2025-03-22 16:40:16,623 - INFO: Loaded 701 records from incentive_dump_Final.csv
2025-03-22 16:40:16,645 - INFO: Inserting batch 1 with 701 records
2025-03-22 16:40:20,740 - INFO: Completed batch 1
2025-03-22 16:40:20,797 - INFO: Successfully inserted total 701 records into Insentive_given_saleorder table
2025-03-22 16:40:20,797 - INFO: Database connection closed
2025-03-29 16:37:33,347 - INFO: Processing file: incentive_dump_Final.csv
2025-03-29 16:37:33,416 - INFO: Successfully connected to MySQL database
2025-03-29 16:37:33,427 - INFO: CSV Columns: ['Unnamed: 0', 'so_id', 'sale_order', 'sale_order_untax', 'sale_order_amount_tax', 'sale_order_amount_total', 'sale_order_margin', 'sale_order_date', 'pre_salesman_user_id', 'p_id', 'name', 'state', 'payment_reference', 'payment_state', 'invoice_partner_display_name', 'invoice_origin', 'invoice_date', 'date', 'payment_untax', 'payment_amount_tax', 'payment_total', 'create_date', 'einvoice_status', 'salesperson1', 'salesperson2', 'salesperson1_name', 'salesperson2_name', 'presalesperson_name', 'cost', 'final_amount', 'source']
2025-03-29 16:37:33,432 - INFO: Loaded 780 records from incentive_dump_Final.csv
2025-03-29 16:37:33,482 - INFO: Inserting batch 1 with 780 records
2025-03-29 16:37:37,986 - INFO: Completed batch 1
2025-03-29 16:37:38,022 - INFO: Successfully inserted total 780 records into Insentive_given_saleorder table
2025-03-29 16:37:38,022 - INFO: Database connection closed
2025-04-05 16:17:17,192 - INFO: Processing file: incentive_dump_Final.csv
2025-04-05 16:17:17,297 - INFO: Successfully connected to MySQL database
2025-04-05 16:17:17,300 - INFO: CSV Columns: ['Unnamed: 0', 'so_id', 'sale_order', 'sale_order_untax', 'sale_order_amount_tax', 'sale_order_amount_total', 'sale_order_margin', 'sale_order_date', 'pre_salesman_user_id', 'p_id', 'name', 'state', 'payment_reference', 'payment_state', 'invoice_partner_display_name', 'invoice_origin', 'invoice_date', 'date', 'payment_untax', 'payment_amount_tax', 'payment_total', 'create_date', 'einvoice_status', 'salesperson1', 'salesperson2', 'salesperson1_name', 'salesperson2_name', 'presalesperson_name', 'cost', 'final_amount', 'source']
2025-04-05 16:17:17,300 - INFO: Loaded 588 records from incentive_dump_Final.csv
2025-04-05 16:17:17,361 - INFO: Inserting batch 1 with 588 records
2025-04-05 16:17:20,580 - INFO: Completed batch 1
2025-04-05 16:17:20,610 - INFO: Successfully inserted total 588 records into Insentive_given_saleorder table
2025-04-05 16:17:20,610 - INFO: Database connection closed
2025-04-12 16:27:02,079 - INFO: Processing file: incentive_dump_Final.csv
2025-04-12 16:27:02,261 - INFO: Successfully connected to MySQL database
2025-04-12 16:27:02,284 - INFO: CSV Columns: ['Unnamed: 0', 'so_id', 'sale_order', 'sale_order_untax', 'sale_order_amount_tax', 'sale_order_amount_total', 'sale_order_margin', 'sale_order_date', 'pre_salesman_user_id', 'p_id', 'name', 'state', 'payment_reference', 'payment_state', 'invoice_partner_display_name', 'invoice_origin', 'invoice_date', 'date', 'payment_untax', 'payment_amount_tax', 'payment_total', 'create_date', 'einvoice_status', 'salesperson1', 'salesperson2', 'salesperson1_name', 'salesperson2_name', 'presalesperson_name', 'cost', 'final_amount', 'source']
2025-04-12 16:27:02,293 - INFO: Loaded 623 records from incentive_dump_Final.csv
2025-04-12 16:27:02,410 - INFO: Inserting batch 1 with 623 records
2025-04-12 16:27:30,179 - INFO: Completed batch 1
2025-04-12 16:27:32,001 - INFO: Successfully inserted total 623 records into Insentive_given_saleorder table
2025-04-12 16:27:32,001 - INFO: Database connection closed
2025-04-19 16:27:06,444 - INFO: Processing file: incentive_dump_Final.csv
2025-04-19 16:27:06,466 - INFO: Successfully connected to MySQL database
2025-04-19 16:27:06,473 - INFO: CSV Columns: ['Unnamed: 0', 'so_id', 'sale_order', 'sale_order_untax', 'sale_order_amount_tax', 'sale_order_amount_total', 'sale_order_margin', 'sale_order_date', 'pre_salesman_user_id', 'p_id', 'name', 'state', 'payment_reference', 'payment_state', 'invoice_partner_display_name', 'invoice_origin', 'invoice_date', 'date', 'payment_untax', 'payment_amount_tax', 'payment_total', 'create_date', 'einvoice_status', 'salesperson1', 'salesperson2', 'salesperson1_name', 'salesperson2_name', 'presalesperson_name', 'cost', 'final_amount', 'source']
2025-04-19 16:27:06,476 - INFO: Loaded 560 records from incentive_dump_Final.csv
2025-04-19 16:27:06,513 - INFO: Inserting batch 1 with 560 records
2025-04-19 16:27:08,165 - INFO: Completed batch 1
2025-04-19 16:27:08,195 - INFO: Successfully inserted total 560 records into Insentive_given_saleorder table
2025-04-19 16:27:08,195 - INFO: Database connection closed
2025-04-26 16:36:14,357 - INFO: Processing file: incentive_dump_Final.csv
2025-04-26 16:36:14,432 - INFO: Successfully connected to MySQL database
2025-04-26 16:36:14,438 - INFO: CSV Columns: ['Unnamed: 0', 'so_id', 'sale_order', 'sale_order_untax', 'sale_order_amount_tax', 'sale_order_amount_total', 'sale_order_margin', 'sale_order_date', 'pre_salesman_user_id', 'p_id', 'name', 'state', 'payment_reference', 'payment_state', 'invoice_partner_display_name', 'invoice_origin', 'invoice_date', 'date', 'payment_untax', 'payment_amount_tax', 'payment_total', 'create_date', 'einvoice_status', 'salesperson1', 'salesperson2', 'salesperson1_name', 'salesperson2_name', 'presalesperson_name', 'cost', 'final_amount', 'source']
2025-04-26 16:36:14,442 - INFO: Loaded 560 records from incentive_dump_Final.csv
2025-04-26 16:36:14,470 - INFO: Inserting batch 1 with 560 records
2025-04-26 16:36:17,473 - INFO: Completed batch 1
2025-04-26 16:36:17,487 - INFO: Successfully inserted total 560 records into Insentive_given_saleorder table
2025-04-26 16:36:17,487 - INFO: Database connection closed
2025-05-03 16:24:10,362 - INFO: Processing file: incentive_dump_Final.csv
2025-05-03 16:24:10,439 - INFO: Successfully connected to MySQL database
2025-05-03 16:24:10,455 - INFO: CSV Columns: ['Unnamed: 0', 'so_id', 'sale_order', 'sale_order_untax', 'sale_order_amount_tax', 'sale_order_amount_total', 'sale_order_margin', 'sale_order_date', 'pre_salesman_user_id', 'p_id', 'name', 'state', 'payment_reference', 'payment_state', 'invoice_partner_display_name', 'invoice_origin', 'invoice_date', 'date', 'payment_untax', 'payment_amount_tax', 'payment_total', 'create_date', 'einvoice_status', 'salesperson1', 'salesperson2', 'salesperson1_name', 'salesperson2_name', 'presalesperson_name', 'cost', 'final_amount', 'source']
2025-05-03 16:24:10,461 - INFO: Loaded 579 records from incentive_dump_Final.csv
2025-05-03 16:24:10,511 - INFO: Inserting batch 1 with 579 records
2025-05-03 16:24:18,311 - INFO: Completed batch 1
2025-05-03 16:24:18,343 - INFO: Successfully inserted total 579 records into Insentive_given_saleorder table
2025-05-03 16:24:18,343 - INFO: Database connection closed
2025-05-24 16:36:32,329 - INFO: Processing file: incentive_dump_Final.csv
2025-05-24 16:36:32,405 - INFO: Successfully connected to MySQL database
2025-05-24 16:36:32,413 - INFO: CSV Columns: ['Unnamed: 0', 'so_id', 'sale_order', 'sale_order_untax', 'sale_order_amount_tax', 'sale_order_amount_total', 'sale_order_margin', 'sale_order_date', 'pre_salesman_user_id', 'p_id', 'name', 'state', 'payment_reference', 'payment_state', 'invoice_partner_display_name', 'invoice_origin', 'invoice_date', 'date', 'payment_untax', 'payment_amount_tax', 'payment_total', 'create_date', 'einvoice_status', 'salesperson1', 'salesperson2', 'salesperson1_name', 'salesperson2_name', 'presalesperson_name', 'cost', 'final_amount', 'source']
2025-05-24 16:36:32,416 - INFO: Loaded 608 records from incentive_dump_Final.csv
2025-05-24 16:36:32,477 - INFO: Inserting batch 1 with 608 records
2025-05-24 16:36:36,375 - INFO: Completed batch 1
2025-05-24 16:36:36,401 - INFO: Successfully inserted total 608 records into Insentive_given_saleorder table
2025-05-24 16:36:36,401 - INFO: Database connection closed
2025-05-31 16:31:45,687 - INFO: Processing file: incentive_dump_Final.csv
2025-05-31 16:31:45,793 - INFO: Successfully connected to MySQL database
2025-05-31 16:31:45,799 - INFO: CSV Columns: ['Unnamed: 0', 'so_id', 'sale_order', 'sale_order_untax', 'sale_order_amount_tax', 'sale_order_amount_total', 'sale_order_margin', 'sale_order_date', 'pre_salesman_user_id', 'p_id', 'name', 'state', 'payment_reference', 'payment_state', 'invoice_partner_display_name', 'invoice_origin', 'invoice_date', 'date', 'payment_untax', 'payment_amount_tax', 'payment_total', 'create_date', 'einvoice_status', 'salesperson1', 'salesperson2', 'salesperson1_name', 'salesperson2_name', 'presalesperson_name', 'cost', 'final_amount', 'source']
2025-05-31 16:31:45,802 - INFO: Loaded 551 records from incentive_dump_Final.csv
2025-05-31 16:31:45,847 - INFO: Inserting batch 1 with 551 records
2025-05-31 16:31:50,822 - INFO: Completed batch 1
2025-05-31 16:31:50,849 - INFO: Successfully inserted total 551 records into Insentive_given_saleorder table
2025-05-31 16:31:50,849 - INFO: Database connection closed
2025-05-31 17:01:34,651 - INFO: Processing file: incentive_dump_Final.csv
2025-05-31 17:01:34,734 - INFO: Successfully connected to MySQL database
2025-05-31 17:01:34,734 - INFO: CSV Columns: ['Unnamed: 0', 'so_id', 'sale_order', 'sale_order_untax', 'sale_order_amount_tax', 'sale_order_amount_total', 'sale_order_margin', 'sale_order_date', 'pre_salesman_user_id', 'p_id', 'name', 'state', 'payment_reference', 'payment_state', 'invoice_partner_display_name', 'invoice_origin', 'invoice_date', 'date', 'payment_untax', 'payment_amount_tax', 'payment_total', 'create_date', 'einvoice_status', 'salesperson1', 'salesperson2', 'salesperson1_name', 'salesperson2_name', 'presalesperson_name', 'cost', 'final_amount', 'source']
2025-05-31 17:01:34,746 - INFO: Loaded 551 records from incentive_dump_Final.csv
2025-05-31 17:01:34,797 - INFO: Inserting batch 1 with 551 records
2025-05-31 17:01:38,904 - INFO: Completed batch 1
2025-05-31 17:01:38,923 - INFO: Successfully inserted total 551 records into Insentive_given_saleorder table
2025-05-31 17:01:38,923 - INFO: Database connection closed
2025-06-07 16:26:36,239 - INFO: Processing file: incentive_dump_Final.csv
2025-06-07 16:26:36,362 - INFO: Successfully connected to MySQL database
2025-06-07 16:26:36,378 - INFO: CSV Columns: ['Unnamed: 0', 'so_id', 'sale_order', 'sale_order_untax', 'sale_order_amount_tax', 'sale_order_amount_total', 'sale_order_margin', 'sale_order_date', 'pre_salesman_user_id', 'p_id', 'name', 'state', 'payment_reference', 'payment_state', 'invoice_partner_display_name', 'invoice_origin', 'invoice_date', 'date', 'payment_untax', 'payment_amount_tax', 'payment_total', 'create_date', 'einvoice_status', 'salesperson1', 'salesperson2', 'salesperson1_name', 'salesperson2_name', 'presalesperson_name', 'cost', 'final_amount', 'source']
2025-06-07 16:26:36,386 - INFO: Loaded 453 records from incentive_dump_Final.csv
2025-06-07 16:26:36,467 - INFO: Inserting batch 1 with 453 records
2025-06-07 16:26:46,407 - INFO: Completed batch 1
2025-06-07 16:26:46,462 - INFO: Successfully inserted total 453 records into Insentive_given_saleorder table
2025-06-07 16:26:46,462 - INFO: Database connection closed
